=======================================
## Report Generation: 2019-01-12 00:07
=======================================


Pinged Item     DNS                                 Ping Time

oldschool_85:   l3ushe56-bond0-11.jagex.com         61   
-----------------------------------------------------------------
oldschool_53:   l3ushe56-bond0-7.jagex.com          61   
-----------------------------------------------------------------
oldschool_14:   l3ushe57-bond0-2.jagex.com          62   
-----------------------------------------------------------------
oldschool_62:   l3ushe57-bond0-8.jagex.com          63   
-----------------------------------------------------------------
oldschool_70:   l3ushe57-bond0-9.jagex.com          63   
-----------------------------------------------------------------
oldschool_77:   l3ushe56-bond0-10.jagex.com         63   
-----------------------------------------------------------------
oldschool_54:   l3ushe57-bond0-7.jagex.com          63   
-----------------------------------------------------------------
oldschool_86:   l3ushe57-bond0-11.jagex.com         64   
-----------------------------------------------------------------
oldschool_69:   l3ushe56-bond0-9.jagex.com          64   
-----------------------------------------------------------------
oldschool_1:    l3ushe56-bond0-5.jagex.com          64   
-----------------------------------------------------------------
oldschool_46:   l3ushe57-bond0-6.jagex.com          64   
-----------------------------------------------------------------
oldschool_61:   l3ushe56-bond0-8.jagex.com          65   
-----------------------------------------------------------------
oldschool_5:    l3ushe56-bond0-1.jagex.com          65   
-----------------------------------------------------------------
oldschool_45:   l3ushe56-bond0-6.jagex.com          67   
-----------------------------------------------------------------
oldschool_21:   l3ushe56-bond0-3.jagex.com          80   
-----------------------------------------------------------------
oldschool_47:   l3uslv29-bond0-5.jagex.com          84   
-----------------------------------------------------------------
oldschool_22:   l3ushe57-bond0-3.jagex.com          85   
-----------------------------------------------------------------
oldschool_93:   l3ushe56-bond0-12.jagex.com         86   
-----------------------------------------------------------------
oldschool_48:   l3uslv30-bond0-5.jagex.com          86   
-----------------------------------------------------------------
oldschool_56:   l3uslv30-bond0-6.jagex.com          86   
-----------------------------------------------------------------
oldschool_15:   l3uslv30-bond0-1.jagex.com          87   
-----------------------------------------------------------------
oldschool_6:    l3uslv29-bond0-7.jagex.com          87   
-----------------------------------------------------------------
oldschool_57:   l3uslv30-bond0-9.jagex.com          87   
-----------------------------------------------------------------
oldschool_13:   l3uslv30-bond0-7.jagex.com          88   
-----------------------------------------------------------------
oldschool_74:   l3uslv29-bond0-10.jagex.com         88   
-----------------------------------------------------------------
oldschool_55:   l3uslv29-bond0-6.jagex.com          88   
-----------------------------------------------------------------
oldschool_78:   l3uslv30-bond0-10.jagex.com         89   
-----------------------------------------------------------------
oldschool_37:   l3ushe56-bond0-13.jagex.com         91   
-----------------------------------------------------------------
oldschool_7:    l3uslv29-bond0-1.jagex.com          91   
-----------------------------------------------------------------
oldschool_19:   l3uslv29-bond0-8.jagex.com          95   
-----------------------------------------------------------------
oldschool_20:   l3uslv30-bond0-8.jagex.com          96   
-----------------------------------------------------------------
oldschool_40:   l3uslv30-bond0-4.jagex.com          99   
-----------------------------------------------------------------
oldschool_39:   l3uslv29-bond0-4.jagex.com          102  
-----------------------------------------------------------------
oldschool_29:   l3ushe56-bond0-4.jagex.com          104  
-----------------------------------------------------------------
oldschool_38:   l3uslv29-bond0-9.jagex.com          106  
-----------------------------------------------------------------
oldschool_23:   l3uslv29-bond0-2.jagex.com          119  
-----------------------------------------------------------------
oldschool_30:   l3ushe57-bond0-4.jagex.com          121  
-----------------------------------------------------------------
oldschool_24:   l3uslv30-bond0-2.jagex.com          121  
-----------------------------------------------------------------
oldschool_50:   l3uklo11-bond0-14.jagex.com         132  
-----------------------------------------------------------------
oldschool_79:   l3uklo27-bond0-10.jagex.com         134  
-----------------------------------------------------------------
oldschool_63:   l3uklo27-bond0-6.jagex.com          135  
-----------------------------------------------------------------
oldschool_64:   l3uklo27-bond0-7.jagex.com          135  
-----------------------------------------------------------------
oldschool_32:   l3uslv30-bond0-3.jagex.com          136  
-----------------------------------------------------------------
oldschool_80:   l3uklo27-bond0-11.jagex.com         136  
-----------------------------------------------------------------
oldschool_9:    l3uklo10-bond0-2.jagex.com          136  
-----------------------------------------------------------------
oldschool_31:   l3uslv29-bond0-3.jagex.com          137  
-----------------------------------------------------------------
oldschool_82:   l3uklo11-bond0-11.jagex.com         137  
-----------------------------------------------------------------
oldschool_81:   l3uklo10-bond0-11.jagex.com         137  
-----------------------------------------------------------------
oldschool_2:    l3uklo11-bond0-1.jagex.com          137  
-----------------------------------------------------------------
oldschool_10:   l3uklo11-bond0-2.jagex.com          138  
-----------------------------------------------------------------
oldschool_65:   l3uklo10-bond0-9.jagex.com          138  
-----------------------------------------------------------------
oldschool_66:   l3uklo11-bond0-16.jagex.com         138  
-----------------------------------------------------------------
oldschool_73:   l3uklo10-bond0-10.jagex.com         138  
-----------------------------------------------------------------
oldschool_72:   l3uklo27-bond0-9.jagex.com          138  
-----------------------------------------------------------------
oldschool_71:   l3uklo27-bond0-8.jagex.com          138  
-----------------------------------------------------------------
oldschool_49:   l3uklo10-bond0-7.jagex.com          138  
-----------------------------------------------------------------
oldschool_8:    l3uklo27-bond0-5.jagex.com          139  
-----------------------------------------------------------------
oldschool_58:   l3uklo11-bond0-15.jagex.com         140  
-----------------------------------------------------------------
oldschool_41:   l3uklo10-bond0-6.jagex.com          142  
-----------------------------------------------------------------
oldschool_3:    l3deff17-bond0-1.jagex.com          145  
-----------------------------------------------------------------
oldschool_59:   l3deff17-bond0-8.jagex.com          145  
-----------------------------------------------------------------
oldschool_51:   l3deff17-bond0-7.jagex.com          146  
-----------------------------------------------------------------
oldschool_83:   l3deff17-bond0-10.jagex.com         147  
-----------------------------------------------------------------
oldschool_84:   l3deff6-bond0-10.jagex.com          147  
-----------------------------------------------------------------
oldschool_76:   l3deff6-bond0-11.jagex.com          147  
-----------------------------------------------------------------
oldschool_67:   l3deff17-bond0-9.jagex.com          148  
-----------------------------------------------------------------
oldschool_42:   l3uklo11-bond0-13.jagex.com         148  
-----------------------------------------------------------------
oldschool_60:   l3deff6-bond0-8.jagex.com           149  
-----------------------------------------------------------------
oldschool_75:   l3deff17-bond0-11.jagex.com         149  
-----------------------------------------------------------------
oldschool_52:   l3deff6-bond0-7.jagex.com           149  
-----------------------------------------------------------------
oldschool_4:    l3deff6-bond0-1.jagex.com           150  
-----------------------------------------------------------------
oldschool_44:   l3deff6-bond0-6.jagex.com           150  
-----------------------------------------------------------------
oldschool_68:   l3deff6-bond0-9.jagex.com           151  
-----------------------------------------------------------------
oldschool_11:   l3deff17-bond0-2.jagex.com          153  
-----------------------------------------------------------------
oldschool_43:   l3deff17-bond0-6.jagex.com          154  
-----------------------------------------------------------------
oldschool_17:   l3uklo10-bond0-3.jagex.com          160  
-----------------------------------------------------------------
oldschool_16:   l3uklo27-bond0-2.jagex.com          161  
-----------------------------------------------------------------
oldschool_12:   l3deff6-bond0-2.jagex.com           166  
-----------------------------------------------------------------
oldschool_18:   l3uklo27-bond0-3.jagex.com          172  
-----------------------------------------------------------------
oldschool_34:   l3uklo11-bond0-12.jagex.com         175  
-----------------------------------------------------------------
oldschool_26:   l3uklo11-bond0-4.jagex.com          175  
-----------------------------------------------------------------
oldschool_36:   l3deff6-bond0-5.jagex.com           178  
-----------------------------------------------------------------
oldschool_35:   l3deff17-bond0-5.jagex.com          180  
-----------------------------------------------------------------
oldschool_33:   l3uklo10-bond0-5.jagex.com          181  
-----------------------------------------------------------------
oldschool_25:   l3uklo27-bond0-1.jagex.com          181  
-----------------------------------------------------------------
oldschool_28:   l3deff6-bond0-4.jagex.com           191  
-----------------------------------------------------------------
oldschool_27:   l3deff17-bond0-4.jagex.com          199  
-----------------------------------------------------------------
oldschool_91:   l3ausy5-bond0-4.jagex.com           318  
-----------------------------------------------------------------
oldschool_92:   l3ausy5-bond0-5.jagex.com           318  
-----------------------------------------------------------------
oldschool_90:   l3ausy5-bond0-3.jagex.com           323  
-----------------------------------------------------------------
oldschool_88:   l3ausy5-bond0-1.jagex.com           329  
-----------------------------------------------------------------
oldschool_89:   l3ausy5-bond0-2.jagex.com           331  
-----------------------------------------------------------------
oldschool_87:   l3ausy5-bond0-0.jagex.com           336  
-----------------------------------------------------------------
